c:\users\liu\desktop\computer animation\lab4\computeranimation_lab_4\computeranimation_lab_4\release\vc140.pdb
c:\users\liu\desktop\computer animation\lab4\computeranimation_lab_4\computeranimation_lab_4\release\wictextureloader.obj
c:\users\liu\desktop\computer animation\lab4\computeranimation_lab_4\computeranimation_lab_4\release\winprocedure.obj
c:\users\liu\desktop\computer animation\lab4\computeranimation_lab_4\computeranimation_lab_4\release\userinput.obj
c:\users\liu\desktop\computer animation\lab4\computeranimation_lab_4\computeranimation_lab_4\release\model.obj
c:\users\liu\desktop\computer animation\lab4\computeranimation_lab_4\computeranimation_lab_4\release\dx11displayer.obj
c:\users\liu\desktop\computer animation\lab4\computeranimation_lab_4\computeranimation_lab_4\release\controller.obj
c:\users\liu\desktop\computer animation\lab4\computeranimation_lab_4\computeranimation_lab_4\release\computeranimation_lab_3.obj
c:\users\liu\desktop\computer animation\lab4\computeranimation_lab_4\release\pixelshader.cso
c:\users\liu\desktop\computer animation\lab4\computeranimation_lab_4\release\shadowpixelshader.cso
c:\users\liu\desktop\computer animation\lab4\computeranimation_lab_4\release\shadowvertexshader.cso
c:\users\liu\desktop\computer animation\lab4\computeranimation_lab_4\release\vertexshader.cso
c:\users\liu\desktop\computer animation\lab4\computeranimation_lab_4\release\computeranimation_lab_4.exe
c:\users\liu\desktop\computer animation\lab4\computeranimation_lab_4\release\computeranimation_lab_4.pdb
c:\users\liu\desktop\computer animation\lab4\computeranimation_lab_4\computeranimation_lab_4\release\computer.ecd0e9b8.tlog\cl.command.1.tlog
c:\users\liu\desktop\computer animation\lab4\computeranimation_lab_4\computeranimation_lab_4\release\computer.ecd0e9b8.tlog\cl.read.1.tlog
c:\users\liu\desktop\computer animation\lab4\computeranimation_lab_4\computeranimation_lab_4\release\computer.ecd0e9b8.tlog\cl.write.1.tlog
c:\users\liu\desktop\computer animation\lab4\computeranimation_lab_4\computeranimation_lab_4\release\computer.ecd0e9b8.tlog\computeranimation_lab_4.write.1u.tlog
c:\users\liu\desktop\computer animation\lab4\computeranimation_lab_4\computeranimation_lab_4\release\computer.ecd0e9b8.tlog\fxc.command.1.tlog
c:\users\liu\desktop\computer animation\lab4\computeranimation_lab_4\computeranimation_lab_4\release\computer.ecd0e9b8.tlog\fxc.read.1.tlog
c:\users\liu\desktop\computer animation\lab4\computeranimation_lab_4\computeranimation_lab_4\release\computer.ecd0e9b8.tlog\fxc.write.1.tlog
c:\users\liu\desktop\computer animation\lab4\computeranimation_lab_4\computeranimation_lab_4\release\computer.ecd0e9b8.tlog\link.command.1.tlog
c:\users\liu\desktop\computer animation\lab4\computeranimation_lab_4\computeranimation_lab_4\release\computer.ecd0e9b8.tlog\link.read.1.tlog
c:\users\liu\desktop\computer animation\lab4\computeranimation_lab_4\computeranimation_lab_4\release\computer.ecd0e9b8.tlog\link.write.1.tlog
